Arguments: 
  /snap/node/7823/bin/node /snap/node/7823/bin/yarn.js add jest-marble

PATH: 
  /usr/local/sbin:/usr/local/bin:/usr/sbin:/usr/bin:/sbin:/bin:/usr/games:/usr/local/games:/snap/bin:/snap/bin

Yarn version: 
  1.22.19

Node version: 
  18.18.0

Platform: 
  linux x64

Trace: 
  Error: https://registry.yarnpkg.com/jest-marble: Not found
      at params.callback [as _callback] (/snap/node/7823/lib/cli.js:66145:18)
      at self.callback (/snap/node/7823/lib/cli.js:140890:22)
      at Request.emit (node:events:517:28)
      at Request.<anonymous> (/snap/node/7823/lib/cli.js:141862:10)
      at Request.emit (node:events:517:28)
      at IncomingMessage.<anonymous> (/snap/node/7823/lib/cli.js:141784:12)
      at Object.onceWrapper (node:events:631:28)
      at IncomingMessage.emit (node:events:529:35)
      at endReadableNT (node:internal/streams/readable:1368:12)
      at process.processTicksAndRejections (node:internal/process/task_queues:82:21)

npm manifest: 
  {
    "name": "todo",
    "version": "0.0.0",
    "scripts": {
      "ng": "ng",
      "start": "ng serve",
      "build": "ng build",
      "watch": "ng build --watch --configuration development",
      "test": "ng test --no-watch --code-coverage"
    },
    "private": true,
    "dependencies": {
      "@angular/animations": "^16.2.0",
      "@angular/cdk": "^16.2.8",
      "@angular/common": "^16.2.0",
      "@angular/compiler": "^16.2.0",
      "@angular/core": "^16.2.0",
      "@angular/fire": "^7.6.1",
      "@angular/forms": "^16.2.0",
      "@angular/material": "^16.2.8",
      "@angular/platform-browser": "^16.2.0",
      "@angular/platform-browser-dynamic": "^16.2.0",
      "@angular/router": "^16.2.0",
      "@ngrx/store": "^16.3.0",
      "@ngrx/store-devtools": "^16.3.0",
      "firebase": "^10.5.0",
      "rxjs": "~7.8.0",
      "tslib": "^2.3.0",
      "zone.js": "~0.13.0"
    },
    "devDependencies": {
      "@angular-devkit/build-angular": "^16.2.6",
      "@angular/cli": "^16.2.6",
      "@angular/compiler-cli": "^16.2.0",
      "@types/jasmine": "~4.3.0",
      "jasmine-core": "~4.6.0",
      "karma": "~6.4.0",
      "karma-chrome-launcher": "~3.2.0",
      "karma-coverage": "~2.2.0",
      "karma-jasmine": "~5.1.0",
      "karma-jasmine-html-reporter": "~2.1.0",
      "typescript": "~5.1.3"
    }
  }

yarn manifest: 
  No manifest

Lockfile: 
  No lockfile
